# JRE version: OpenJDK Runtime Environment Temurin-21.0.11+10 (21.0.11+10) (build 21.0.11+10-LTS)
# Java VM: OpenJDK 64-Bit Server VM Temurin-21.0.11+10 (21.0.11+10-LTS, mixed mode, sharing, tiered, compressed oops, compressed class ptrs, parallel gc, windows-amd64)
GC Precious Log:
 CardTable entry size: 512
 CPUs: 4 total, 4 available
 Memory: 7914M
 Large Page Support: Disabled
 NUMA Support: Disabled
 Compressed Oops: Enabled (32-bit)
 Alignments: Space 512K, Generation 512K, Heap 2M
 Heap Min Capacity: 100M
 Heap Initial Capacity: 100M
 Heap Max Capacity: 2G
 Pre-touch: Disabled
 Parallel Workers: 4
Heap:
 PSYoungGen      total 4096K, used 3628K [0x00000000d5580000, 0x00000000d5b80000, 0x0000000100000000)
  eden space 3584K, 87% used [0x00000000d5580000,0x00000000d588bb60,0x00000000d5900000)
  from space 512K, 99% used [0x00000000d5a00000,0x00000000d5a7f600,0x00000000d5a80000)
  to   space 1024K, 0% used [0x00000000d5900000,0x00000000d5900000,0x00000000d5a00000)
 ParOldGen       total 636928K, used 636685K [0x0000000080000000, 0x00000000a6e00000, 0x00000000d5580000)
  object space 636928K, 99% used [0x0000000080000000,0x00000000a6dc3738,0x00000000a6e00000)
 Metaspace       used 100178K, committed 102400K, reserved 1179648K
  class space    used 10417K, committed 11392K, reserved 1048576K
GC Heap History (20 events):
Event: 1176.849 GC heap before
{Heap before GC invocations=3078 (full 5):
 PSYoungGen      total 1536K, used 1363K [0x00000000d5580000, 0x00000000d5f00000, 0x0000000100000000)
  eden space 512K, 68% used [0x00000000d5580000,0x00000000d55d7e60,0x00000000d5600000)
  from space 1024K, 98% used [0x00000000d5900000,0x00000000d59fd138,0x00000000d5a00000)
  to   space 3072K, 0% used [0x00000000d5600000,0x00000000d5600000,0x00000000d5900000)
 ParOldGen       total 627200K, used 627014K [0x0000000080000000, 0x00000000a6480000, 0x00000000d5580000)
  object space 627200K, 99% used [0x0000000080000000,0x00000000a6451958,0x00000000a6480000)
 Metaspace       used 99904K, committed 102016K, reserved 1179648K
  class space    used 10390K, committed 11328K, reserved 1048576K
}
Event: 1176.853 GC heap after
{Heap after GC invocations=3078 (full 5):
 PSYoungGen      total 1024K, used 339K [0x00000000d5580000, 0x00000000d5980000, 0x0000000100000000)
  eden space 512K, 0% used [0x00000000d5580000,0x00000000d5580000,0x00000000d5600000)
  from space 512K, 66% used [0x00000000d5600000,0x00000000d5654f88,0x00000000d5680000)
  to   space 1536K, 0% used [0x00000000d5800000,0x00000000d5800000,0x00000000d5980000)
 ParOldGen       total 628224K, used 628036K [0x0000000080000000, 0x00000000a6580000, 0x00000000d5580000)
  object space 628224K, 99% used [0x0000000080000000,0x00000000a65512d0,0x00000000a6580000)
 Metaspace       used 99904K, committed 102016K, reserved 1179648K
  class space    used 10390K, committed 11328K, reserved 1048576K
}
Event: 1176.859 GC heap before
{Heap before GC invocations=3079 (full 5):
 PSYoungGen      total 1024K, used 779K [0x00000000d5580000, 0x00000000d5980000, 0x0000000100000000)
  eden space 512K, 85% used [0x00000000d5580000,0x00000000d55ee070,0x00000000d5600000)
  from space 512K, 66% used [0x00000000d5600000,0x00000000d5654f88,0x00000000d5680000)
  to   space 1536K, 0% used [0x00000000d5800000,0x00000000d5800000,0x00000000d5980000)
 ParOldGen       total 628224K, used 628036K [0x0000000080000000, 0x00000000a6580000, 0x00000000d5580000)
  object space 628224K, 99% used [0x0000000080000000,0x00000000a65512d0,0x00000000a6580000)
 Metaspace       used 99904K, committed 102016K, reserved 1179648K
  class space    used 10390K, committed 11328K, reserved 1048576K
}
Event: 1176.862 GC heap after
{Heap after GC invocations=3079 (full 5):
 PSYoungGen      total 1536K, used 426K [0x00000000d5580000, 0x00000000d5880000, 0x0000000100000000)
  eden space 1024K, 0% used [0x00000000d5580000,0x00000000d5580000,0x00000000d5680000)
  from space 512K, 83% used [0x00000000d5800000,0x00000000d586a898,0x00000000d5880000)
  to   space 1024K, 0% used [0x00000000d5680000,0x00000000d5680000,0x00000000d5780000)
 ParOldGen       total 628736K, used 628339K [0x0000000080000000, 0x00000000a6600000, 0x00000000d5580000)
  object space 628736K, 99% used [0x0000000080000000,0x00000000a659ccc8,0x00000000a6600000)
 Metaspace       used 99904K, committed 102016K, reserved 1179648K
  class space    used 10390K, committed 11328K, reserved 1048576K
}
Event: 1176.867 GC heap before
{Heap before GC invocations=3080 (full 5):
 PSYoungGen      total 1536K, used 1357K [0x00000000d5580000, 0x00000000d5880000, 0x0000000100000000)
  eden space 1024K, 90% used [0x00000000d5580000,0x00000000d5668ea8,0x00000000d5680000)
  from space 512K, 83% used [0x00000000d5800000,0x00000000d586a898,0x00000000d5880000)
  to   space 1024K, 0% used [0x00000000d5680000,0x00000000d5680000,0x00000000d5780000)
 ParOldGen       total 628736K, used 628339K [0x0000000080000000, 0x00000000a6600000, 0x00000000d5580000)
  object space 628736K, 99% used [0x0000000080000000,0x00000000a659ccc8,0x00000000a6600000)
 Metaspace       used 99904K, committed 102016K, reserved 1179648K
  class space    used 10390K, committed 11328K, reserved 1048576K
}
Event: 1176.872 GC heap after
{Heap after GC invocations=3080 (full 5):
 PSYoungGen      total 2048K, used 856K [0x00000000d5580000, 0x00000000d5900000, 0x0000000100000000)
  eden space 1024K, 0% used [0x00000000d5580000,0x00000000d5580000,0x00000000d5680000)
  from space 1024K, 83% used [0x00000000d5680000,0x00000000d57560a0,0x00000000d5780000)
  to   space 1024K, 0% used [0x00000000d5800000,0x00000000d5800000,0x00000000d5900000)
 ParOldGen       total 628736K, used 628702K [0x0000000080000000, 0x00000000a6600000, 0x00000000d5580000)
  object space 628736K, 99% used [0x0000000080000000,0x00000000a65f7bd8,0x00000000a6600000)
 Metaspace       used 99904K, committed 102016K, reserved 1179648K
  class space    used 10390K, committed 11328K, reserved 1048576K
}
Event: 1176.893 GC heap before
{Heap before GC invocations=3081 (full 5):
 PSYoungGen      total 2048K, used 1880K [0x00000000d5580000, 0x00000000d5900000, 0x0000000100000000)
  eden space 1024K, 100% used [0x00000000d5580000,0x00000000d5680000,0x00000000d5680000)
  from space 1024K, 83% used [0x00000000d5680000,0x00000000d57560a0,0x00000000d5780000)
  to   space 1024K, 0% used [0x00000000d5800000,0x00000000d5800000,0x00000000d5900000)
 ParOldGen       total 628736K, used 628702K [0x0000000080000000, 0x00000000a6600000, 0x00000000d5580000)
  object space 628736K, 99% used [0x0000000080000000,0x00000000a65f7bd8,0x00000000a6600000)
 Metaspace       used 99904K, committed 102016K, reserved 1179648K
  class space    used 10390K, committed 11328K, reserved 1048576K
}
Event: 1176.897 GC heap after
{Heap after GC invocations=3081 (full 5):
 PSYoungGen      total 2560K, used 965K [0x00000000d5580000, 0x00000000d5900000, 0x0000000100000000)
  eden space 1536K, 0% used [0x00000000d5580000,0x00000000d5580000,0x00000000d5700000)
  from space 1024K, 94% used [0x00000000d5800000,0x00000000d58f14c0,0x00000000d5900000)
  to   space 1024K, 0% used [0x00000000d5700000,0x00000000d5700000,0x00000000d5800000)
 ParOldGen       total 629760K, used 629502K [0x0000000080000000, 0x00000000a6700000, 0x00000000d5580000)
  object space 629760K, 99% used [0x0000000080000000,0x00000000a66bf8b0,0x00000000a6700000)
 Metaspace       used 99904K, committed 102016K, reserved 1179648K
  class space    used 10390K, committed 11328K, reserved 1048576K
}
Event: 1176.920 GC heap before
{Heap before GC invocations=3082 (full 5):
 PSYoungGen      total 2560K, used 2454K [0x00000000d5580000, 0x00000000d5900000, 0x0000000100000000)
  eden space 1536K, 96% used [0x00000000d5580000,0x00000000d56f4460,0x00000000d5700000)
  from space 1024K, 94% used [0x00000000d5800000,0x00000000d58f14c0,0x00000000d5900000)
  to   space 1024K, 0% used [0x00000000d5700000,0x00000000d5700000,0x00000000d5800000)
 ParOldGen       total 629760K, used 629502K [0x0000000080000000, 0x00000000a6700000, 0x00000000d5580000)
  object space 629760K, 99% used [0x0000000080000000,0x00000000a66bf8b0,0x00000000a6700000)
 Metaspace       used 99904K, committed 102016K, reserved 1179648K
  class space    used 10390K, committed 11328K, reserved 1048576K
}
Event: 1176.926 GC heap after
{Heap after GC invocations=3082 (full 5):
 PSYoungGen      total 2560K, used 1005K [0x00000000d5580000, 0x00000000d5c80000, 0x0000000100000000)
  eden space 1536K, 0% used [0x00000000d5580000,0x00000000d5580000,0x00000000d5700000)
  from space 1024K, 98% used [0x00000000d5700000,0x00000000d57fb560,0x00000000d5800000)
  to   space 2560K, 0% used [0x00000000d5a00000,0x00000000d5a00000,0x00000000d5c80000)
 ParOldGen       total 630784K, used 630618K [0x0000000080000000, 0x00000000a6800000, 0x00000000d5580000)
  object space 630784K, 99% used [0x0000000080000000,0x00000000a67d6a20,0x00000000a6800000)
 Metaspace       used 99904K, committed 102016K, reserved 1179648K
  class space    used 10390K, committed 11328K, reserved 1048576K
}
Event: 1176.936 GC heap before
{Heap before GC invocations=3083 (full 5):
 PSYoungGen      total 2560K, used 2541K [0x00000000d5580000, 0x00000000d5c80000, 0x0000000100000000)
  eden space 1536K, 100% used [0x00000000d5580000,0x00000000d5700000,0x00000000d5700000)
  from space 1024K, 98% used [0x00000000d5700000,0x00000000d57fb560,0x00000000d5800000)
  to   space 2560K, 0% used [0x00000000d5a00000,0x00000000d5a00000,0x00000000d5c80000)
 ParOldGen       total 630784K, used 630618K [0x0000000080000000, 0x00000000a6800000, 0x00000000d5580000)
  object space 630784K, 99% used [0x0000000080000000,0x00000000a67d6a20,0x00000000a6800000)
 Metaspace       used 99904K, committed 102016K, reserved 1179648K
  class space    used 10390K, committed 11328K, reserved 1048576K
}
Event: 1176.943 GC heap after
{Heap after GC invocations=3083 (full 5):
 PSYoungGen      total 3584K, used 1394K [0x00000000d5580000, 0x00000000d5b80000, 0x0000000100000000)
  eden space 2048K, 0% used [0x00000000d5580000,0x00000000d5580000,0x00000000d5780000)
  from space 1536K, 90% used [0x00000000d5a00000,0x00000000d5b5ca28,0x00000000d5b80000)
  to   space 2048K, 0% used [0x00000000d5780000,0x00000000d5780000,0x00000000d5980000)
 ParOldGen       total 631808K, used 631597K [0x0000000080000000, 0x00000000a6900000, 0x00000000d5580000)
  object space 631808K, 99% used [0x0000000080000000,0x00000000a68cb478,0x00000000a6900000)
 Metaspace       used 99904K, committed 102016K, reserved 1179648K
  class space    used 10390K, committed 11328K, reserved 1048576K
}
Event: 1176.966 GC heap before
{Heap before GC invocations=3084 (full 5):
 PSYoungGen      total 3584K, used 3442K [0x00000000d5580000, 0x00000000d5b80000, 0x0000000100000000)
  eden space 2048K, 100% used [0x00000000d5580000,0x00000000d5780000,0x00000000d5780000)
  from space 1536K, 90% used [0x00000000d5a00000,0x00000000d5b5ca28,0x00000000d5b80000)
  to   space 2048K, 0% used [0x00000000d5780000,0x00000000d5780000,0x00000000d5980000)
 ParOldGen       total 633856K, used 633152K [0x0000000080000000, 0x00000000a6b00000, 0x00000000d5580000)
  object space 633856K, 99% used [0x0000000080000000,0x00000000a6a50180,0x00000000a6b00000)
 Metaspace       used 99904K, committed 102016K, reserved 1179648K
  class space    used 10390K, committed 11328K, reserved 1048576K
}
Event: 1176.973 GC heap after
{Heap after GC invocations=3084 (full 5):
 PSYoungGen      total 4096K, used 1586K [0x00000000d5580000, 0x00000000d5c00000, 0x0000000100000000)
  eden space 2048K, 0% used [0x00000000d5580000,0x00000000d5580000,0x00000000d5780000)
  from space 2048K, 77% used [0x00000000d5780000,0x00000000d590c9a0,0x00000000d5980000)
  to   space 2048K, 0% used [0x00000000d5a00000,0x00000000d5a00000,0x00000000d5c00000)
 ParOldGen       total 634880K, used 634483K [0x0000000080000000, 0x00000000a6c00000, 0x00000000d5580000)
  object space 634880K, 99% used [0x0000000080000000,0x00000000a6b9cee0,0x00000000a6c00000)
 Metaspace       used 99904K, committed 102016K, reserved 1179648K
  class space    used 10390K, committed 11328K, reserved 1048576K
}
Event: 1176.989 GC heap before
{Heap before GC invocations=3085 (full 5):
 PSYoungGen      total 4096K, used 3634K [0x00000000d5580000, 0x00000000d5c00000, 0x0000000100000000)
  eden space 2048K, 100% used [0x00000000d5580000,0x00000000d5780000,0x00000000d5780000)
  from space 2048K, 77% used [0x00000000d5780000,0x00000000d590c9a0,0x00000000d5980000)
  to   space 2048K, 0% used [0x00000000d5a00000,0x00000000d5a00000,0x00000000d5c00000)
 ParOldGen       total 634880K, used 634483K [0x0000000080000000, 0x00000000a6c00000, 0x00000000d5580000)
  object space 634880K, 99% used [0x0000000080000000,0x00000000a6b9cee0,0x00000000a6c00000)
 Metaspace       used 99908K, committed 102016K, reserved 1179648K
  class space    used 10390K, committed 11328K, reserved 1048576K
}
Event: 1176.994 GC heap after
{Heap after GC invocations=3085 (full 5):
 PSYoungGen      total 3584K, used 608K [0x00000000d5580000, 0x00000000d5b00000, 0x0000000100000000)
  eden space 2560K, 0% used [0x00000000d5580000,0x00000000d5580000,0x00000000d5800000)
  from space 1024K, 59% used [0x00000000d5a00000,0x00000000d5a98000,0x00000000d5b00000)
  to   space 1024K, 0% used [0x00000000d5900000,0x00000000d5900000,0x00000000d5a00000)
 ParOldGen       total 636416K, used 636001K [0x0000000080000000, 0x00000000a6d80000, 0x00000000d5580000)
  object space 636416K, 99% used [0x0000000080000000,0x00000000a6d18538,0x00000000a6d80000)
 Metaspace       used 99908K, committed 102016K, reserved 1179648K
  class space    used 10390K, committed 11328K, reserved 1048576K
}
Event: 1177.007 GC heap before
{Heap before GC invocations=3086 (full 5):
 PSYoungGen      total 3584K, used 3168K [0x00000000d5580000, 0x00000000d5b00000, 0x0000000100000000)
  eden space 2560K, 100% used [0x00000000d5580000,0x00000000d5800000,0x00000000d5800000)
  from space 1024K, 59% used [0x00000000d5a00000,0x00000000d5a98000,0x00000000d5b00000)
  to   space 1024K, 0% used [0x00000000d5900000,0x00000000d5900000,0x00000000d5a00000)
 ParOldGen       total 636416K, used 636001K [0x0000000080000000, 0x00000000a6d80000, 0x00000000d5580000)
  object space 636416K, 99% used [0x0000000080000000,0x00000000a6d18538,0x00000000a6d80000)
 Metaspace       used 99908K, committed 102016K, reserved 1179648K
  class space    used 10390K, committed 11328K, reserved 1048576K
}
Event: 1177.011 GC heap after
{Heap after GC invocations=3086 (full 5):
 PSYoungGen      total 4096K, used 128K [0x00000000d5580000, 0x00000000d5a80000, 0x0000000100000000)
  eden space 3072K, 0% used [0x00000000d5580000,0x00000000d5580000,0x00000000d5880000)
  from space 1024K, 12% used [0x00000000d5900000,0x00000000d5920000,0x00000000d5a00000)
  to   space 512K, 0% used [0x00000000d5a00000,0x00000000d5a00000,0x00000000d5a80000)
 ParOldGen       total 636928K, used 636537K [0x0000000080000000, 0x00000000a6e00000, 0x00000000d5580000)
  object space 636928K, 99% used [0x0000000080000000,0x00000000a6d9e538,0x00000000a6e00000)
 Metaspace       used 99908K, committed 102016K, reserved 1179648K
  class space    used 10390K, committed 11328K, reserved 1048576K
}
Event: 1177.180 GC heap before
{Heap before GC invocations=3087 (full 5):
 PSYoungGen      total 4096K, used 3200K [0x00000000d5580000, 0x00000000d5a80000, 0x0000000100000000)
  eden space 3072K, 100% used [0x00000000d5580000,0x00000000d5880000,0x00000000d5880000)
  from space 1024K, 12% used [0x00000000d5900000,0x00000000d5920000,0x00000000d5a00000)
  to   space 512K, 0% used [0x00000000d5a00000,0x00000000d5a00000,0x00000000d5a80000)
 ParOldGen       total 636928K, used 636537K [0x0000000080000000, 0x00000000a6e00000, 0x00000000d5580000)
  object space 636928K, 99% used [0x0000000080000000,0x00000000a6d9e538,0x00000000a6e00000)
 Metaspace       used 99924K, committed 102080K, reserved 1179648K
  class space    used 10390K, committed 11328K, reserved 1048576K
}
Event: 1177.185 GC heap after
{Heap after GC invocations=3087 (full 5):
 PSYoungGen      total 4096K, used 509K [0x00000000d5580000, 0x00000000d5b80000, 0x0000000100000000)
  eden space 3584K, 0% used [0x00000000d5580000,0x00000000d5580000,0x00000000d5900000)
  from space 512K, 99% used [0x00000000d5a00000,0x00000000d5a7f600,0x00000000d5a80000)
  to   space 1024K, 0% used [0x00000000d5900000,0x00000000d5900000,0x00000000d5a00000)
 ParOldGen       total 636928K, used 636685K [0x0000000080000000, 0x00000000a6e00000, 0x00000000d5580000)
  object space 636928K, 99% used [0x0000000080000000,0x00000000a6dc3738,0x00000000a6e00000)
 Metaspace       used 99924K, committed 102080K, reserved 1179648K
  class space    used 10390K, committed 11328K, reserved 1048576K
}

